2022-10-07 18:50:46,730:INFO:PyCaret Supervised Module
2022-10-07 18:50:46,731:INFO:ML Usecase: regression
2022-10-07 18:50:46,731:INFO:version 2.3.10
2022-10-07 18:50:46,731:INFO:Initializing setup()
2022-10-07 18:50:46,731:INFO:setup(target=charges, ml_usecase=regression, available_plots={'parameter': 'Hyperparameters', 'residuals': 'Residuals', 'error': 'Prediction Error', 'cooks': 'Cooks Distance', 'rfe': 'Feature Selection', 'learning': 'Learning Curve', 'manifold': 'Manifold Learning', 'vc': 'Validation Curve', 'feature': 'Feature Importance', 'feature_all': 'Feature Importance (All)', 'tree': 'Decision Tree', 'residuals_interactive': 'Interactive Residuals'}, train_size=0.7, test_data=None, preprocess=True, imputation_type=simple, iterative_imputation_iters=5, categorical_features=None, categorical_imputation=constant, categorical_iterative_imputer=lightgbm, ordinal_features=None, high_cardinality_features=None, high_cardinality_method=frequency, numeric_features=None, numeric_imputation=mean, numeric_iterative_imputer=lightgbm, date_features=None, ignore_features=None, normalize=True, normalize_method=zscore, transformation=False, transformation_method=yeo-johnson, handle_unknown_categorical=True, unknown_categorical_method=least_frequent, pca=False, pca_method=linear, pca_components=None, ignore_low_variance=False, combine_rare_levels=False, rare_level_threshold=0.1, bin_numeric_features=['age', 'bmi'], remove_outliers=False, outliers_threshold=0.05, remove_multicollinearity=False, multicollinearity_threshold=0.9, remove_perfect_collinearity=True, create_clusters=False, cluster_iter=20, polynomial_features=True, polynomial_degree=2, trigonometry_features=True, polynomial_threshold=0.1, group_features=None, group_names=None, feature_selection=False, feature_selection_threshold=0.8, feature_selection_method=classic, feature_interaction=True, feature_ratio=False, interaction_threshold=0.01, fix_imbalance=False, fix_imbalance_method=None, transform_target=False, transform_target_method=box-cox, data_split_shuffle=True, data_split_stratify=False, fold_strategy=kfold, fold=10, fold_shuffle=False, fold_groups=None, n_jobs=-1, use_gpu=False, custom_pipeline=None, html=True, session_id=123, log_experiment=False, experiment_name=None, experiment_custom_tags=None, log_plots=False, log_profile=False, log_data=False, silent=False, verbose=True, profile=False, profile_kwargs=None, display=None)
2022-10-07 18:50:46,731:INFO:Checking environment
2022-10-07 18:50:46,731:INFO:python_version: 3.8.10
2022-10-07 18:50:46,731:INFO:python_build: ('default', 'Jun 22 2022 20:18:18')
2022-10-07 18:50:46,731:INFO:machine: x86_64
2022-10-07 18:50:46,731:INFO:platform: Linux-5.15.0-48-generic-x86_64-with-glibc2.29
2022-10-07 18:50:46,731:INFO:Memory: svmem(total=16510140416, available=8836132864, percent=46.5, used=6302281728, free=2795491328, active=2394451968, inactive=9365307392, buffers=454873088, cached=6957494272, shared=1030561792, slab=727592960)
2022-10-07 18:50:46,731:INFO:Physical Core: 4
2022-10-07 18:50:46,731:INFO:Logical Core: 8
2022-10-07 18:50:46,731:INFO:Checking libraries
2022-10-07 18:50:46,732:INFO:pd==1.4.2
2022-10-07 18:50:46,732:INFO:numpy==1.19.5
2022-10-07 18:50:46,732:INFO:sklearn==0.23.2
2022-10-07 18:50:46,732:INFO:lightgbm==3.3.2
2022-10-07 18:50:46,732:WARNING:catboost not found
2022-10-07 18:50:46,802:INFO:xgboost==1.6.2
2022-10-07 18:50:46,802:INFO:mlflow==1.29.0
2022-10-07 18:50:46,802:INFO:Checking Exceptions
2022-10-07 18:50:46,802:INFO:Declaring global variables
2022-10-07 18:50:46,802:INFO:USI: 04cd
2022-10-07 18:50:46,802:INFO:pycaret_globals: {'iterative_imputation_iters_param', '_all_models', 'prep_pipe', 'data_before_preprocess', '_ml_usecase', 'logging_param', 'display_container', 'imputation_regressor', 'transform_target_param', 'pycaret_globals', 'X_train', 'fold_groups_param', 'html_param', 'y_test', '_all_models_internal', 'y_train', '_internal_pipeline', 'master_model_container', 'target_param', 'fold_param', 'X_test', 'fix_imbalance_method_param', 'imputation_classifier', 'fold_shuffle_param', 'experiment__', 'fold_generator', '_available_plots', '_all_metrics', 'exp_name_log', 'dashboard_logger', 'n_jobs_param', 'transform_target_method_param', 'gpu_param', 'stratify_param', 'X', 'y', 'USI', 'fold_groups_param_full', '_gpu_n_jobs_param', 'seed', 'create_model_container', 'fix_imbalance_param', 'log_plots_param'}
2022-10-07 18:50:46,802:INFO:Preparing display monitor
2022-10-07 18:50:46,802:INFO:Preparing display monitor
2022-10-07 18:50:46,812:INFO:Importing libraries
2022-10-07 18:50:46,812:INFO:Copying data for preprocessing
2022-10-07 18:50:46,816:INFO:Declaring preprocessing parameters
2022-10-07 18:50:46,818:INFO:Creating preprocessing pipeline
2022-10-07 18:50:46,822:INFO:Preprocessing pipeline created successfully
2022-10-07 18:50:46,822:ERROR:(Process Exit): setup has been interupted with user command 'quit'. setup must rerun.
2022-10-07 18:50:46,822:INFO:Creating global containers
2022-10-07 18:50:46,823:INFO:Internal pipeline: Pipeline(memory=None, steps=[('empty_step', 'passthrough')], verbose=False)
2022-10-07 18:51:13,715:WARNING:Couldn't import catboost.CatBoostRegressor
2022-10-07 18:51:13,818:WARNING:Couldn't import catboost.CatBoostRegressor
2022-10-07 18:51:13,818:INFO:Creating grid variables
2022-10-07 18:51:13,830:INFO:create_model_container: 0
2022-10-07 18:51:13,830:INFO:master_model_container: 0
2022-10-07 18:51:13,830:INFO:display_container: 1
2022-10-07 18:51:13,837:INFO:Pipeline(memory=None,
         steps=[('dtypes',
                 DataTypes_Auto_infer(categorical_features=[],
                                      display_types=True, features_todrop=[],
                                      id_columns=[], ml_usecase='regression',
                                      numerical_features=[], target='charges',
                                      time_features=[])),
                ('imputer',
                 Simple_Imputer(categorical_strategy='not_available',
                                fill_value_categorical=None,
                                fill_value_numerical=None,
                                numeric_strategy...
                ('dummy', Dummify(target='charges')),
                ('fix_perfect', Remove_100(target='charges')),
                ('clean_names', Clean_Colum_Names()),
                ('feature_select', 'passthrough'), ('fix_multi', 'passthrough'),
                ('dfs',
                 DFS_Classic(interactions=['multiply'], ml_usecase='regression',
                             n_jobs=-1, random_state=123, subclass='binary',
                             target='charges',
                             top_features_to_pick_percentage=None)),
                ('pca', 'passthrough')],
         verbose=False)
2022-10-07 18:51:13,837:INFO:setup() succesfully completed......................................
2022-10-07 18:51:13,976:INFO:Initializing create_model()
2022-10-07 18:51:13,976:INFO:create_model(estimator=lr, fold=None, round=4, cross_validation=True, predict=True, fit_kwargs=None, groups=None, refit=True, verbose=True, system=True, metrics=None, experiment_custom_tags=None, add_to_model_list=True, probability_threshold=None, display=None, return_train_score=False, kwargs={})
2022-10-07 18:51:13,976:INFO:Checking exceptions
2022-10-07 18:51:13,976:INFO:Preparing display monitor
2022-10-07 18:51:13,990:INFO:Importing libraries
2022-10-07 18:51:13,990:INFO:Copying training dataset
2022-10-07 18:51:13,990:INFO:Defining folds
2022-10-07 18:51:13,991:INFO:Declaring metric variables
2022-10-07 18:51:13,997:INFO:Importing untrained model
2022-10-07 18:51:14,002:INFO:Linear Regression Imported succesfully
2022-10-07 18:51:14,018:INFO:Starting cross validation
2022-10-07 18:51:14,021:INFO:Cross validating with KFold(n_splits=10, random_state=None, shuffle=False), n_jobs=-1
2022-10-07 18:51:16,734:INFO:Calculating mean and std
2022-10-07 18:51:16,736:INFO:Creating metrics dataframe
2022-10-07 18:51:16,749:INFO:Finalizing model
2022-10-07 18:51:16,810:INFO:Uploading results into container
2022-10-07 18:51:16,811:INFO:Uploading model into container now
2022-10-07 18:51:16,825:INFO:create_model_container: 1
2022-10-07 18:51:16,825:INFO:master_model_container: 1
2022-10-07 18:51:16,825:INFO:display_container: 2
2022-10-07 18:51:16,826:INFO:LinearRegression(copy_X=True, fit_intercept=True, n_jobs=-1, normalize=False)
2022-10-07 18:51:16,826:INFO:create_model() succesfully completed......................................
2022-10-07 18:51:17,001:INFO:Initializing save_model()
2022-10-07 18:51:17,001:INFO:save_model(model=LinearRegression(copy_X=True, fit_intercept=True, n_jobs=-1, normalize=False), model_name=/home/dell/Data/Introduction to data analyst and data science for begineers/Final-Year-Project-Material-/Jupyter Notebooks, prep_pipe_=Pipeline(memory=None,
         steps=[('dtypes',
                 DataTypes_Auto_infer(categorical_features=[],
                                      display_types=True, features_todrop=[],
                                      id_columns=[], ml_usecase='regression',
                                      numerical_features=[], target='charges',
                                      time_features=[])),
                ('imputer',
                 Simple_Imputer(categorical_strategy='not_available',
                                fill_value_categorical=None,
                                fill_value_numerical=None,
                                numeric_strategy...
                ('dummy', Dummify(target='charges')),
                ('fix_perfect', Remove_100(target='charges')),
                ('clean_names', Clean_Colum_Names()),
                ('feature_select', 'passthrough'), ('fix_multi', 'passthrough'),
                ('dfs',
                 DFS_Classic(interactions=['multiply'], ml_usecase='regression',
                             n_jobs=-1, random_state=123, subclass='binary',
                             target='charges',
                             top_features_to_pick_percentage=None)),
                ('pca', 'passthrough')],
         verbose=False), verbose=True, kwargs={})
2022-10-07 18:51:17,001:INFO:Adding model into prep_pipe
2022-10-07 18:51:17,012:INFO:/home/dell/Data/Introduction to data analyst and data science for begineers/Final-Year-Project-Material-/Jupyter Notebooks.pkl saved in current working directory
2022-10-07 18:51:17,017:INFO:Pipeline(memory=None,
         steps=[('dtypes',
                 DataTypes_Auto_infer(categorical_features=[],
                                      display_types=True, features_todrop=[],
                                      id_columns=[], ml_usecase='regression',
                                      numerical_features=[], target='charges',
                                      time_features=[])),
                ('imputer',
                 Simple_Imputer(categorical_strategy='not_available',
                                fill_value_categorical=None,
                                fill_value_numerical=None,
                                numeric_strategy...
                ('feature_select', 'passthrough'), ('fix_multi', 'passthrough'),
                ('dfs',
                 DFS_Classic(interactions=['multiply'], ml_usecase='regression',
                             n_jobs=-1, random_state=123, subclass='binary',
                             target='charges',
                             top_features_to_pick_percentage=None)),
                ('pca', 'passthrough'),
                ['trained_model',
                 LinearRegression(copy_X=True, fit_intercept=True, n_jobs=-1,
                                  normalize=False)]],
         verbose=False)
2022-10-07 18:51:17,017:INFO:save_model() successfully completed......................................
2022-10-11 19:32:49,901:INFO:PyCaret Supervised Module
2022-10-11 19:32:49,901:INFO:ML Usecase: regression
2022-10-11 19:32:49,902:INFO:version 2.3.10
2022-10-11 19:32:49,902:INFO:Initializing setup()
2022-10-11 19:32:49,902:INFO:setup(target=charges, ml_usecase=regression, available_plots={'parameter': 'Hyperparameters', 'residuals': 'Residuals', 'error': 'Prediction Error', 'cooks': 'Cooks Distance', 'rfe': 'Feature Selection', 'learning': 'Learning Curve', 'manifold': 'Manifold Learning', 'vc': 'Validation Curve', 'feature': 'Feature Importance', 'feature_all': 'Feature Importance (All)', 'tree': 'Decision Tree', 'residuals_interactive': 'Interactive Residuals'}, train_size=0.7, test_data=None, preprocess=True, imputation_type=simple, iterative_imputation_iters=5, categorical_features=None, categorical_imputation=constant, categorical_iterative_imputer=lightgbm, ordinal_features=None, high_cardinality_features=None, high_cardinality_method=frequency, numeric_features=None, numeric_imputation=mean, numeric_iterative_imputer=lightgbm, date_features=None, ignore_features=None, normalize=True, normalize_method=zscore, transformation=False, transformation_method=yeo-johnson, handle_unknown_categorical=True, unknown_categorical_method=least_frequent, pca=False, pca_method=linear, pca_components=None, ignore_low_variance=False, combine_rare_levels=False, rare_level_threshold=0.1, bin_numeric_features=['age', 'bmi'], remove_outliers=False, outliers_threshold=0.05, remove_multicollinearity=False, multicollinearity_threshold=0.9, remove_perfect_collinearity=True, create_clusters=False, cluster_iter=20, polynomial_features=True, polynomial_degree=2, trigonometry_features=True, polynomial_threshold=0.1, group_features=None, group_names=None, feature_selection=False, feature_selection_threshold=0.8, feature_selection_method=classic, feature_interaction=True, feature_ratio=False, interaction_threshold=0.01, fix_imbalance=False, fix_imbalance_method=None, transform_target=False, transform_target_method=box-cox, data_split_shuffle=True, data_split_stratify=False, fold_strategy=kfold, fold=10, fold_shuffle=False, fold_groups=None, n_jobs=-1, use_gpu=False, custom_pipeline=None, html=True, session_id=123, log_experiment=False, experiment_name=None, experiment_custom_tags=None, log_plots=False, log_profile=False, log_data=False, silent=False, verbose=True, profile=False, profile_kwargs=None, display=None)
2022-10-11 19:32:49,902:INFO:Checking environment
2022-10-11 19:32:49,902:INFO:python_version: 3.8.10
2022-10-11 19:32:49,902:INFO:python_build: ('default', 'Jun 22 2022 20:18:18')
2022-10-11 19:32:49,902:INFO:machine: x86_64
2022-10-11 19:32:49,902:INFO:platform: Linux-5.15.0-48-generic-x86_64-with-glibc2.29
2022-10-11 19:32:49,902:INFO:Memory: svmem(total=16510140416, available=9164521472, percent=44.5, used=5867823104, free=1699151872, active=2068021248, inactive=11366428672, buffers=239161344, cached=8704004096, shared=1073635328, slab=708481024)
2022-10-11 19:32:49,902:INFO:Physical Core: 4
2022-10-11 19:32:49,902:INFO:Logical Core: 8
2022-10-11 19:32:49,903:INFO:Checking libraries
2022-10-11 19:32:49,903:INFO:pd==1.4.2
2022-10-11 19:32:49,903:INFO:numpy==1.19.5
2022-10-11 19:32:49,903:INFO:sklearn==0.23.2
2022-10-11 19:32:49,903:INFO:lightgbm==3.3.2
2022-10-11 19:32:49,903:WARNING:catboost not found
2022-10-11 19:32:49,977:INFO:xgboost==1.6.2
2022-10-11 19:32:49,978:INFO:mlflow==1.29.0
2022-10-11 19:32:49,978:INFO:Checking Exceptions
2022-10-11 19:32:49,978:INFO:Declaring global variables
2022-10-11 19:32:49,978:INFO:USI: d346
2022-10-11 19:32:49,978:INFO:pycaret_globals: {'_all_models_internal', 'n_jobs_param', 'experiment__', 'gpu_param', '_all_models', '_all_metrics', 'pycaret_globals', 'fold_groups_param', 'X_train', 'fold_param', 'X', 'dashboard_logger', '_ml_usecase', 'USI', 'fold_shuffle_param', 'create_model_container', '_available_plots', 'imputation_regressor', 'y', 'logging_param', 'target_param', 'transform_target_param', 'seed', 'data_before_preprocess', 'display_container', 'fold_generator', 'html_param', 'X_test', 'fix_imbalance_param', '_gpu_n_jobs_param', 'prep_pipe', 'master_model_container', 'stratify_param', 'fix_imbalance_method_param', 'iterative_imputation_iters_param', 'fold_groups_param_full', 'y_test', 'transform_target_method_param', 'exp_name_log', 'imputation_classifier', 'y_train', 'log_plots_param', '_internal_pipeline'}
2022-10-11 19:32:49,978:INFO:Preparing display monitor
2022-10-11 19:32:49,978:INFO:Preparing display monitor
2022-10-11 19:32:49,987:INFO:Importing libraries
2022-10-11 19:32:49,987:INFO:Copying data for preprocessing
2022-10-11 19:32:49,994:INFO:Declaring preprocessing parameters
2022-10-11 19:32:49,996:INFO:Creating preprocessing pipeline
2022-10-11 19:32:50,000:INFO:Preprocessing pipeline created successfully
2022-10-11 19:32:50,000:ERROR:(Process Exit): setup has been interupted with user command 'quit'. setup must rerun.
2022-10-11 19:32:50,000:INFO:Creating global containers
2022-10-11 19:32:50,002:INFO:Internal pipeline: Pipeline(memory=None, steps=[('empty_step', 'passthrough')], verbose=False)
2022-10-11 19:33:02,086:WARNING:Couldn't import catboost.CatBoostRegressor
2022-10-11 19:33:02,181:WARNING:Couldn't import catboost.CatBoostRegressor
2022-10-11 19:33:02,181:INFO:Creating grid variables
2022-10-11 19:33:02,194:INFO:create_model_container: 0
2022-10-11 19:33:02,194:INFO:master_model_container: 0
2022-10-11 19:33:02,194:INFO:display_container: 1
2022-10-11 19:33:02,200:INFO:Pipeline(memory=None,
         steps=[('dtypes',
                 DataTypes_Auto_infer(categorical_features=[],
                                      display_types=True, features_todrop=[],
                                      id_columns=[], ml_usecase='regression',
                                      numerical_features=[], target='charges',
                                      time_features=[])),
                ('imputer',
                 Simple_Imputer(categorical_strategy='not_available',
                                fill_value_categorical=None,
                                fill_value_numerical=None,
                                numeric_strategy...
                ('dummy', Dummify(target='charges')),
                ('fix_perfect', Remove_100(target='charges')),
                ('clean_names', Clean_Colum_Names()),
                ('feature_select', 'passthrough'), ('fix_multi', 'passthrough'),
                ('dfs',
                 DFS_Classic(interactions=['multiply'], ml_usecase='regression',
                             n_jobs=-1, random_state=123, subclass='binary',
                             target='charges',
                             top_features_to_pick_percentage=None)),
                ('pca', 'passthrough')],
         verbose=False)
2022-10-11 19:33:02,200:INFO:setup() succesfully completed......................................
2022-10-11 19:33:02,282:INFO:Initializing create_model()
2022-10-11 19:33:02,282:INFO:create_model(estimator=lr, fold=None, round=4, cross_validation=True, predict=True, fit_kwargs=None, groups=None, refit=True, verbose=True, system=True, metrics=None, experiment_custom_tags=None, add_to_model_list=True, probability_threshold=None, display=None, return_train_score=False, kwargs={})
2022-10-11 19:33:02,282:INFO:Checking exceptions
2022-10-11 19:33:02,283:INFO:Preparing display monitor
2022-10-11 19:33:02,295:INFO:Importing libraries
2022-10-11 19:33:02,295:INFO:Copying training dataset
2022-10-11 19:33:02,296:INFO:Defining folds
2022-10-11 19:33:02,296:INFO:Declaring metric variables
2022-10-11 19:33:02,301:INFO:Importing untrained model
2022-10-11 19:33:02,308:INFO:Linear Regression Imported succesfully
2022-10-11 19:33:02,320:INFO:Starting cross validation
2022-10-11 19:33:02,325:INFO:Cross validating with KFold(n_splits=10, random_state=None, shuffle=False), n_jobs=-1
2022-10-11 19:33:04,950:INFO:Calculating mean and std
2022-10-11 19:33:04,953:INFO:Creating metrics dataframe
2022-10-11 19:33:04,968:INFO:Finalizing model
2022-10-11 19:33:05,019:INFO:Uploading results into container
2022-10-11 19:33:05,019:INFO:Uploading model into container now
2022-10-11 19:33:05,031:INFO:create_model_container: 1
2022-10-11 19:33:05,031:INFO:master_model_container: 1
2022-10-11 19:33:05,031:INFO:display_container: 2
2022-10-11 19:33:05,032:INFO:LinearRegression(copy_X=True, fit_intercept=True, n_jobs=-1, normalize=False)
2022-10-11 19:33:05,032:INFO:create_model() succesfully completed......................................
2022-10-11 19:33:05,144:INFO:Initializing save_model()
2022-10-11 19:33:05,144:INFO:save_model(model=LinearRegression(copy_X=True, fit_intercept=True, n_jobs=-1, normalize=False), model_name=/home/dell/Data/Introduction to data analyst and data science for begineers/Final-Year-Project-Material-/Jupyter Notebooks, prep_pipe_=Pipeline(memory=None,
         steps=[('dtypes',
                 DataTypes_Auto_infer(categorical_features=[],
                                      display_types=True, features_todrop=[],
                                      id_columns=[], ml_usecase='regression',
                                      numerical_features=[], target='charges',
                                      time_features=[])),
                ('imputer',
                 Simple_Imputer(categorical_strategy='not_available',
                                fill_value_categorical=None,
                                fill_value_numerical=None,
                                numeric_strategy...
                ('dummy', Dummify(target='charges')),
                ('fix_perfect', Remove_100(target='charges')),
                ('clean_names', Clean_Colum_Names()),
                ('feature_select', 'passthrough'), ('fix_multi', 'passthrough'),
                ('dfs',
                 DFS_Classic(interactions=['multiply'], ml_usecase='regression',
                             n_jobs=-1, random_state=123, subclass='binary',
                             target='charges',
                             top_features_to_pick_percentage=None)),
                ('pca', 'passthrough')],
         verbose=False), verbose=True, kwargs={})
2022-10-11 19:33:05,144:INFO:Adding model into prep_pipe
2022-10-11 19:33:05,157:INFO:/home/dell/Data/Introduction to data analyst and data science for begineers/Final-Year-Project-Material-/Jupyter Notebooks.pkl saved in current working directory
2022-10-11 19:33:05,162:INFO:Pipeline(memory=None,
         steps=[('dtypes',
                 DataTypes_Auto_infer(categorical_features=[],
                                      display_types=True, features_todrop=[],
                                      id_columns=[], ml_usecase='regression',
                                      numerical_features=[], target='charges',
                                      time_features=[])),
                ('imputer',
                 Simple_Imputer(categorical_strategy='not_available',
                                fill_value_categorical=None,
                                fill_value_numerical=None,
                                numeric_strategy...
                ('feature_select', 'passthrough'), ('fix_multi', 'passthrough'),
                ('dfs',
                 DFS_Classic(interactions=['multiply'], ml_usecase='regression',
                             n_jobs=-1, random_state=123, subclass='binary',
                             target='charges',
                             top_features_to_pick_percentage=None)),
                ('pca', 'passthrough'),
                ['trained_model',
                 LinearRegression(copy_X=True, fit_intercept=True, n_jobs=-1,
                                  normalize=False)]],
         verbose=False)
2022-10-11 19:33:05,162:INFO:save_model() successfully completed......................................
2022-10-11 19:33:50,499:INFO:PyCaret Supervised Module
2022-10-11 19:33:50,499:INFO:ML Usecase: regression
2022-10-11 19:33:50,499:INFO:version 2.3.10
2022-10-11 19:33:50,500:INFO:Initializing setup()
2022-10-11 19:33:50,500:INFO:setup(target=charges, ml_usecase=regression, available_plots={'parameter': 'Hyperparameters', 'residuals': 'Residuals', 'error': 'Prediction Error', 'cooks': 'Cooks Distance', 'rfe': 'Feature Selection', 'learning': 'Learning Curve', 'manifold': 'Manifold Learning', 'vc': 'Validation Curve', 'feature': 'Feature Importance', 'feature_all': 'Feature Importance (All)', 'tree': 'Decision Tree', 'residuals_interactive': 'Interactive Residuals'}, train_size=0.7, test_data=None, preprocess=True, imputation_type=simple, iterative_imputation_iters=5, categorical_features=None, categorical_imputation=constant, categorical_iterative_imputer=lightgbm, ordinal_features=None, high_cardinality_features=None, high_cardinality_method=frequency, numeric_features=None, numeric_imputation=mean, numeric_iterative_imputer=lightgbm, date_features=None, ignore_features=None, normalize=True, normalize_method=zscore, transformation=False, transformation_method=yeo-johnson, handle_unknown_categorical=True, unknown_categorical_method=least_frequent, pca=False, pca_method=linear, pca_components=None, ignore_low_variance=False, combine_rare_levels=False, rare_level_threshold=0.1, bin_numeric_features=['age', 'bmi'], remove_outliers=False, outliers_threshold=0.05, remove_multicollinearity=False, multicollinearity_threshold=0.9, remove_perfect_collinearity=True, create_clusters=False, cluster_iter=20, polynomial_features=True, polynomial_degree=2, trigonometry_features=True, polynomial_threshold=0.1, group_features=None, group_names=None, feature_selection=False, feature_selection_threshold=0.8, feature_selection_method=classic, feature_interaction=True, feature_ratio=False, interaction_threshold=0.01, fix_imbalance=False, fix_imbalance_method=None, transform_target=False, transform_target_method=box-cox, data_split_shuffle=True, data_split_stratify=False, fold_strategy=kfold, fold=10, fold_shuffle=False, fold_groups=None, n_jobs=-1, use_gpu=False, custom_pipeline=None, html=True, session_id=123, log_experiment=False, experiment_name=None, experiment_custom_tags=None, log_plots=False, log_profile=False, log_data=False, silent=False, verbose=True, profile=False, profile_kwargs=None, display=None)
2022-10-11 19:33:50,500:INFO:Checking environment
2022-10-11 19:33:50,500:INFO:python_version: 3.8.10
2022-10-11 19:33:50,500:INFO:python_build: ('default', 'Jun 22 2022 20:18:18')
2022-10-11 19:33:50,500:INFO:machine: x86_64
2022-10-11 19:33:50,500:INFO:platform: Linux-5.15.0-48-generic-x86_64-with-glibc2.29
2022-10-11 19:33:50,500:INFO:Memory: svmem(total=16510140416, available=8116604928, percent=50.8, used=6906281984, free=629399552, active=2100367360, inactive=12366782464, buffers=240103424, cached=8734355456, shared=1083416576, slab=708571136)
2022-10-11 19:33:50,501:INFO:Physical Core: 4
2022-10-11 19:33:50,501:INFO:Logical Core: 8
2022-10-11 19:33:50,501:INFO:Checking libraries
2022-10-11 19:33:50,501:INFO:pd==1.4.2
2022-10-11 19:33:50,501:INFO:numpy==1.19.5
2022-10-11 19:33:50,501:INFO:sklearn==0.23.2
2022-10-11 19:33:50,502:INFO:lightgbm==3.3.2
2022-10-11 19:33:50,502:WARNING:catboost not found
2022-10-11 19:33:50,502:INFO:xgboost==1.6.2
2022-10-11 19:33:50,502:INFO:mlflow==1.29.0
2022-10-11 19:33:50,502:INFO:Checking Exceptions
2022-10-11 19:33:50,502:INFO:Declaring global variables
2022-10-11 19:33:50,502:INFO:USI: ea2b
2022-10-11 19:33:50,503:INFO:pycaret_globals: {'_all_models_internal', 'n_jobs_param', 'experiment__', 'gpu_param', '_all_models', '_all_metrics', 'pycaret_globals', 'fold_groups_param', 'X_train', 'fold_param', 'X', 'dashboard_logger', '_ml_usecase', 'USI', 'fold_shuffle_param', 'create_model_container', '_available_plots', 'imputation_regressor', 'y', 'logging_param', 'target_param', 'transform_target_param', 'seed', 'data_before_preprocess', 'display_container', 'fold_generator', 'html_param', 'X_test', 'fix_imbalance_param', '_gpu_n_jobs_param', 'prep_pipe', 'master_model_container', 'stratify_param', 'fix_imbalance_method_param', 'iterative_imputation_iters_param', 'fold_groups_param_full', 'y_test', 'transform_target_method_param', 'exp_name_log', 'imputation_classifier', 'y_train', 'log_plots_param', '_internal_pipeline'}
2022-10-11 19:33:50,503:INFO:Preparing display monitor
2022-10-11 19:33:50,503:INFO:Preparing display monitor
2022-10-11 19:33:50,528:INFO:Importing libraries
2022-10-11 19:33:50,529:INFO:Copying data for preprocessing
2022-10-11 19:33:50,541:INFO:Declaring preprocessing parameters
2022-10-11 19:33:50,544:INFO:Creating preprocessing pipeline
2022-10-11 19:33:50,551:INFO:Preprocessing pipeline created successfully
2022-10-11 19:33:50,552:ERROR:(Process Exit): setup has been interupted with user command 'quit'. setup must rerun.
2022-10-11 19:33:50,552:INFO:Creating global containers
2022-10-11 19:33:50,552:INFO:Internal pipeline: Pipeline(memory=None, steps=[('empty_step', 'passthrough')], verbose=False)
2022-10-11 19:33:55,670:WARNING:Couldn't import catboost.CatBoostRegressor
2022-10-11 19:33:55,767:WARNING:Couldn't import catboost.CatBoostRegressor
2022-10-11 19:33:55,767:INFO:Creating grid variables
2022-10-11 19:33:55,777:INFO:create_model_container: 0
2022-10-11 19:33:55,777:INFO:master_model_container: 0
2022-10-11 19:33:55,777:INFO:display_container: 1
2022-10-11 19:33:55,783:INFO:Pipeline(memory=None,
         steps=[('dtypes',
                 DataTypes_Auto_infer(categorical_features=[],
                                      display_types=True, features_todrop=[],
                                      id_columns=[], ml_usecase='regression',
                                      numerical_features=[], target='charges',
                                      time_features=[])),
                ('imputer',
                 Simple_Imputer(categorical_strategy='not_available',
                                fill_value_categorical=None,
                                fill_value_numerical=None,
                                numeric_strategy...
                ('dummy', Dummify(target='charges')),
                ('fix_perfect', Remove_100(target='charges')),
                ('clean_names', Clean_Colum_Names()),
                ('feature_select', 'passthrough'), ('fix_multi', 'passthrough'),
                ('dfs',
                 DFS_Classic(interactions=['multiply'], ml_usecase='regression',
                             n_jobs=-1, random_state=123, subclass='binary',
                             target='charges',
                             top_features_to_pick_percentage=None)),
                ('pca', 'passthrough')],
         verbose=False)
2022-10-11 19:33:55,783:INFO:setup() succesfully completed......................................
2022-10-11 19:33:55,869:INFO:Initializing create_model()
2022-10-11 19:33:55,869:INFO:create_model(estimator=lr, fold=None, round=4, cross_validation=True, predict=True, fit_kwargs=None, groups=None, refit=True, verbose=True, system=True, metrics=None, experiment_custom_tags=None, add_to_model_list=True, probability_threshold=None, display=None, return_train_score=False, kwargs={})
2022-10-11 19:33:55,869:INFO:Checking exceptions
2022-10-11 19:33:55,870:INFO:Preparing display monitor
2022-10-11 19:33:55,883:INFO:Importing libraries
2022-10-11 19:33:55,884:INFO:Copying training dataset
2022-10-11 19:33:55,884:INFO:Defining folds
2022-10-11 19:33:55,885:INFO:Declaring metric variables
2022-10-11 19:33:55,893:INFO:Importing untrained model
2022-10-11 19:33:55,899:INFO:Linear Regression Imported succesfully
2022-10-11 19:33:55,913:INFO:Starting cross validation
2022-10-11 19:33:55,913:INFO:Cross validating with KFold(n_splits=10, random_state=None, shuffle=False), n_jobs=-1
2022-10-11 19:33:55,957:INFO:Calculating mean and std
2022-10-11 19:33:55,958:INFO:Creating metrics dataframe
2022-10-11 19:33:55,966:INFO:Finalizing model
2022-10-11 19:33:55,984:INFO:Uploading results into container
2022-10-11 19:33:55,984:INFO:Uploading model into container now
2022-10-11 19:33:55,993:INFO:create_model_container: 1
2022-10-11 19:33:55,993:INFO:master_model_container: 1
2022-10-11 19:33:55,993:INFO:display_container: 2
2022-10-11 19:33:55,993:INFO:LinearRegression(copy_X=True, fit_intercept=True, n_jobs=-1, normalize=False)
2022-10-11 19:33:55,994:INFO:create_model() succesfully completed......................................
2022-10-11 19:33:56,091:INFO:Initializing save_model()
2022-10-11 19:33:56,091:INFO:save_model(model=LinearRegression(copy_X=True, fit_intercept=True, n_jobs=-1, normalize=False), model_name=/home/dell/Data/Introduction to data analyst and data science for begineers/Final-Year-Project-Material-/Jupyter Notebooks/model, prep_pipe_=Pipeline(memory=None,
         steps=[('dtypes',
                 DataTypes_Auto_infer(categorical_features=[],
                                      display_types=True, features_todrop=[],
                                      id_columns=[], ml_usecase='regression',
                                      numerical_features=[], target='charges',
                                      time_features=[])),
                ('imputer',
                 Simple_Imputer(categorical_strategy='not_available',
                                fill_value_categorical=None,
                                fill_value_numerical=None,
                                numeric_strategy...
                ('dummy', Dummify(target='charges')),
                ('fix_perfect', Remove_100(target='charges')),
                ('clean_names', Clean_Colum_Names()),
                ('feature_select', 'passthrough'), ('fix_multi', 'passthrough'),
                ('dfs',
                 DFS_Classic(interactions=['multiply'], ml_usecase='regression',
                             n_jobs=-1, random_state=123, subclass='binary',
                             target='charges',
                             top_features_to_pick_percentage=None)),
                ('pca', 'passthrough')],
         verbose=False), verbose=True, kwargs={})
2022-10-11 19:33:56,091:INFO:Adding model into prep_pipe
2022-10-11 19:33:56,101:INFO:/home/dell/Data/Introduction to data analyst and data science for begineers/Final-Year-Project-Material-/Jupyter Notebooks/model.pkl saved in current working directory
2022-10-11 19:33:56,106:INFO:Pipeline(memory=None,
         steps=[('dtypes',
                 DataTypes_Auto_infer(categorical_features=[],
                                      display_types=True, features_todrop=[],
                                      id_columns=[], ml_usecase='regression',
                                      numerical_features=[], target='charges',
                                      time_features=[])),
                ('imputer',
                 Simple_Imputer(categorical_strategy='not_available',
                                fill_value_categorical=None,
                                fill_value_numerical=None,
                                numeric_strategy...
                ('feature_select', 'passthrough'), ('fix_multi', 'passthrough'),
                ('dfs',
                 DFS_Classic(interactions=['multiply'], ml_usecase='regression',
                             n_jobs=-1, random_state=123, subclass='binary',
                             target='charges',
                             top_features_to_pick_percentage=None)),
                ('pca', 'passthrough'),
                ['trained_model',
                 LinearRegression(copy_X=True, fit_intercept=True, n_jobs=-1,
                                  normalize=False)]],
         verbose=False)
2022-10-11 19:33:56,106:INFO:save_model() successfully completed......................................
2022-10-11 19:35:28,514:INFO:Initializing load_model()
2022-10-11 19:35:28,514:INFO:load_model(model_name=model.pkl, platform=None, authentication=None, verbose=True)
2022-10-11 19:35:53,536:INFO:Initializing load_model()
2022-10-11 19:35:53,536:INFO:load_model(model_name=model, platform=None, authentication=None, verbose=True)
2022-10-11 19:35:55,732:INFO:Initializing load_model()
2022-10-11 19:35:55,732:INFO:load_model(model_name=model, platform=None, authentication=None, verbose=True)
2022-10-11 19:41:00,103:INFO:Initializing predict_model()
2022-10-11 19:41:00,103:INFO:predict_model(estimator=Pipeline(steps=[('dtypes',
                 DataTypes_Auto_infer(ml_usecase='regression',
                                      target='charges')),
                ('imputer',
                 Simple_Imputer(categorical_strategy='not_available',
                                fill_value_categorical=None,
                                fill_value_numerical=None,
                                numeric_strategy='mean',
                                target_variable=None)),
                ('new_levels1',
                 New_Catagorical_Levels_in_TestData(replacement_strategy='least '
                                                                         'frequent',
                                                    target=...
                ('fix_perfect', Remove_100(target='charges')),
                ('clean_names', Clean_Colum_Names()),
                ('feature_select', 'passthrough'), ('fix_multi', 'passthrough'),
                ('dfs',
                 DFS_Classic(interactions=['multiply'], ml_usecase='regression',
                             n_jobs=-1, random_state=123, subclass='binary',
                             target='charges',
                             top_features_to_pick_percentage=None)),
                ('pca', 'passthrough'),
                ['trained_model', LinearRegression(n_jobs=-1)]]), probability_threshold=None, encoded_labels=True, drift_report=False, raw_score=False, round=0, verbose=True, ml_usecase=MLUsecase.REGRESSION, display=None, drift_kwargs=None)
2022-10-11 19:41:00,103:INFO:Checking exceptions
2022-10-11 19:41:00,104:INFO:Preloading libraries
2022-10-11 19:49:19,537:INFO:Initializing load_model()
2022-10-11 19:49:19,537:INFO:load_model(model_name=model, platform=None, authentication=None, verbose=True)
2022-10-11 19:51:05,336:INFO:Initializing load_model()
2022-10-11 19:51:05,336:INFO:load_model(model_name=model, platform=None, authentication=None, verbose=True)
2022-10-11 19:51:07,439:INFO:Initializing load_model()
2022-10-11 19:51:07,439:INFO:load_model(model_name=model, platform=None, authentication=None, verbose=True)
2022-10-12 20:44:07,882:INFO:Initializing load_model()
2022-10-12 20:44:07,884:INFO:load_model(model_name=model, platform=None, authentication=None, verbose=True)
2022-10-12 20:44:10,072:INFO:Initializing load_model()
2022-10-12 20:44:10,072:INFO:load_model(model_name=model, platform=None, authentication=None, verbose=True)
2022-10-12 20:45:00,901:INFO:Initializing predict_model()
2022-10-12 20:45:00,901:INFO:predict_model(estimator=Pipeline(steps=[('dtypes',
                 DataTypes_Auto_infer(ml_usecase='regression',
                                      target='charges')),
                ('imputer',
                 Simple_Imputer(categorical_strategy='not_available',
                                fill_value_categorical=None,
                                fill_value_numerical=None,
                                numeric_strategy='mean',
                                target_variable=None)),
                ('new_levels1',
                 New_Catagorical_Levels_in_TestData(replacement_strategy='least '
                                                                         'frequent',
                                                    target=...
                ('fix_perfect', Remove_100(target='charges')),
                ('clean_names', Clean_Colum_Names()),
                ('feature_select', 'passthrough'), ('fix_multi', 'passthrough'),
                ('dfs',
                 DFS_Classic(interactions=['multiply'], ml_usecase='regression',
                             n_jobs=-1, random_state=123, subclass='binary',
                             target='charges',
                             top_features_to_pick_percentage=None)),
                ('pca', 'passthrough'),
                ['trained_model', LinearRegression(n_jobs=-1)]]), probability_threshold=None, encoded_labels=True, drift_report=False, raw_score=False, round=0, verbose=True, ml_usecase=MLUsecase.REGRESSION, display=None, drift_kwargs=None)
2022-10-12 20:45:00,902:INFO:Checking exceptions
2022-10-12 20:45:00,902:INFO:Preloading libraries
2022-10-12 20:45:39,318:INFO:Initializing predict_model()
2022-10-12 20:45:39,318:INFO:predict_model(estimator=Pipeline(steps=[('dtypes',
                 DataTypes_Auto_infer(ml_usecase='regression',
                                      target='charges')),
                ('imputer',
                 Simple_Imputer(categorical_strategy='not_available',
                                fill_value_categorical=None,
                                fill_value_numerical=None,
                                numeric_strategy='mean',
                                target_variable=None)),
                ('new_levels1',
                 New_Catagorical_Levels_in_TestData(replacement_strategy='least '
                                                                         'frequent',
                                                    target=...
                ('fix_perfect', Remove_100(target='charges')),
                ('clean_names', Clean_Colum_Names()),
                ('feature_select', 'passthrough'), ('fix_multi', 'passthrough'),
                ('dfs',
                 DFS_Classic(interactions=['multiply'], ml_usecase='regression',
                             n_jobs=-1, random_state=123, subclass='binary',
                             target='charges',
                             top_features_to_pick_percentage=None)),
                ('pca', 'passthrough'),
                ['trained_model', LinearRegression(n_jobs=-1)]]), probability_threshold=None, encoded_labels=True, drift_report=False, raw_score=False, round=0, verbose=True, ml_usecase=MLUsecase.REGRESSION, display=None, drift_kwargs=None)
2022-10-12 20:45:39,318:INFO:Checking exceptions
2022-10-12 20:45:39,318:INFO:Preloading libraries
